<?xml version="1.0" encoding="UTF-8"?>
<!-- Generated by org.testng.reporters.JUnitReportReporter -->
<testsuite hostname="Shubham" failures="0" tests="1" name="test.TestZ" time="6.922" errors="0" timestamp="2022-09-07T22:19:30 PDT" skipped="0">
  <testcase classname="test.TestZ" name="verifyuserID" time="6.922"/>
  <system-out>
    <![CDATA[running verify user id]]>
  </system-out>
</testsuite> <!-- test.TestZ -->
